<?xml version="1.0" encoding="UTF-8"?>
<testsuite xmlns:xsi="http://www.w3.org/2001/XMLSchema-instance" xsi:noNamespaceSchemaLocation="https://maven.apache.org/surefire/maven-surefire-plugin/xsd/surefire-test-report-3.0.xsd" version="3.0" name="org.alvaroaleman.factorial.FactorialTest" time="0.071" tests="11" errors="0" skipped="0" failures="0">
  <properties>
    <property name="java.specification.version" value="17"/>
    <property name="sun.cpu.isalist" value="amd64"/>
    <property name="sun.jnu.encoding" value="Cp1252"/>
    <property name="java.class.path" value="D:\Universidad\306-MYPDS\Ejercicios\pruebaproyecto\target\test-classes;D:\Universidad\306-MYPDS\Ejercicios\pruebaproyecto\target\classes;C:\Users\alvar\.m2\repository\org\junit\jupiter\junit-jupiter-params\5.8.2\junit-jupiter-params-5.8.2.jar;C:\Users\alvar\.m2\repository\org\junit\jupiter\junit-jupiter-api\5.8.2\junit-jupiter-api-5.8.2.jar;C:\Users\alvar\.m2\repository\org\opentest4j\opentest4j\1.2.0\opentest4j-1.2.0.jar;C:\Users\alvar\.m2\repository\org\junit\platform\junit-platform-commons\1.8.2\junit-platform-commons-1.8.2.jar;C:\Users\alvar\.m2\repository\org\apiguardian\apiguardian-api\1.1.2\apiguardian-api-1.1.2.jar;"/>
    <property name="java.vm.vendor" value="Oracle Corporation"/>
    <property name="sun.arch.data.model" value="64"/>
    <property name="user.variant" value=""/>
    <property name="java.vendor.url" value="https://java.oracle.com/"/>
    <property name="user.timezone" value="Europe/Madrid"/>
    <property name="os.name" value="Windows 10"/>
    <property name="java.vm.specification.version" value="17"/>
    <property name="sun.java.launcher" value="SUN_STANDARD"/>
    <property name="user.country" value="ES"/>
    <property name="sun.boot.library.path" value="C:\Program Files\Java\jdk-17.0.1\bin"/>
    <property name="sun.java.command" value="C:\Users\alvar\AppData\Local\Temp\surefire8083517102657483107\surefirebooter326483152427370258.jar C:\Users\alvar\AppData\Local\Temp\surefire8083517102657483107 2022-03-18T17-42-23_885-jvmRun1 surefire2914633045234169242tmp surefire_010552084050694550192tmp"/>
    <property name="jdk.debug" value="release"/>
    <property name="surefire.test.class.path" value="D:\Universidad\306-MYPDS\Ejercicios\pruebaproyecto\target\test-classes;D:\Universidad\306-MYPDS\Ejercicios\pruebaproyecto\target\classes;C:\Users\alvar\.m2\repository\org\junit\jupiter\junit-jupiter-params\5.8.2\junit-jupiter-params-5.8.2.jar;C:\Users\alvar\.m2\repository\org\junit\jupiter\junit-jupiter-api\5.8.2\junit-jupiter-api-5.8.2.jar;C:\Users\alvar\.m2\repository\org\opentest4j\opentest4j\1.2.0\opentest4j-1.2.0.jar;C:\Users\alvar\.m2\repository\org\junit\platform\junit-platform-commons\1.8.2\junit-platform-commons-1.8.2.jar;C:\Users\alvar\.m2\repository\org\apiguardian\apiguardian-api\1.1.2\apiguardian-api-1.1.2.jar;"/>
    <property name="sun.cpu.endian" value="little"/>
    <property name="user.home" value="C:\Users\alvar"/>
    <property name="user.language" value="es"/>
    <property name="java.specification.vendor" value="Oracle Corporation"/>
    <property name="java.version.date" value="2021-10-19"/>
    <property name="java.home" value="C:\Program Files\Java\jdk-17.0.1"/>
    <property name="file.separator" value="\"/>
    <property name="basedir" value="D:\Universidad\306-MYPDS\Ejercicios\pruebaproyecto"/>
    <property name="java.vm.compressedOopsMode" value="Zero based"/>
    <property name="line.separator" value="&#10;"/>
    <property name="java.vm.specification.vendor" value="Oracle Corporation"/>
    <property name="java.specification.name" value="Java Platform API Specification"/>
    <property name="surefire.real.class.path" value="C:\Users\alvar\AppData\Local\Temp\surefire8083517102657483107\surefirebooter326483152427370258.jar"/>
    <property name="user.script" value=""/>
    <property name="sun.management.compiler" value="HotSpot 64-Bit Tiered Compilers"/>
    <property name="java.runtime.version" value="17.0.1+12-LTS-39"/>
    <property name="user.name" value="alvar"/>
    <property name="path.separator" value=";"/>
    <property name="os.version" value="10.0"/>
    <property name="java.runtime.name" value="Java(TM) SE Runtime Environment"/>
    <property name="file.encoding" value="Cp1252"/>
    <property name="java.vm.name" value="Java HotSpot(TM) 64-Bit Server VM"/>
    <property name="localRepository" value="C:\Users\alvar\.m2\repository"/>
    <property name="java.vendor.url.bug" value="https://bugreport.java.com/bugreport/"/>
    <property name="java.io.tmpdir" value="C:\Users\alvar\AppData\Local\Temp\"/>
    <property name="java.version" value="17.0.1"/>
    <property name="user.dir" value="D:\Universidad\306-MYPDS\Ejercicios\pruebaproyecto"/>
    <property name="os.arch" value="amd64"/>
    <property name="java.vm.specification.name" value="Java Virtual Machine Specification"/>
    <property name="sun.os.patch.level" value=""/>
    <property name="native.encoding" value="Cp1252"/>
    <property name="java.library.path" value="C:\Program Files\Java\jdk-17.0.1\bin;C:\WINDOWS\Sun\Java\bin;C:\WINDOWS\system32;C:\WINDOWS;C:\Program Files\Haskell\bin;C:\Program Files\Haskell Platform\8.6.5\lib\extralibs\bin;C:\Program Files\Haskell Platform\8.6.5\bin;C:\Program Files\Common Files\Oracle\Java\javapath;C:\Program Files\Eclipse Foundation\jdk-17.0.0.35-hotspot\bin;C:\Program Files (x86)\Common Files\Oracle\Java\javapath;C:\ProgramData\Oracle\Java\javapath;C:\Windows\system32;C:\Windows;C:\Windows\System32\Wbem;C:\Windows\System32\WindowsPowerShell\v1.0\;C:\Windows\System32\OpenSSH\;C:\Program Files (x86)\NVIDIA Corporation\PhysX\Common;C:\Program Files\NVIDIA Corporation\NVIDIA NvDLISR;D:\Programas\OpenSSL-Win64\bin;C:\Program Files\Git\cmd;C:\WINDOWS\system32;C:\WINDOWS;C:\WINDOWS\System32\Wbem;C:\WINDOWS\System32\WindowsPowerShell\v1.0\;C:\WINDOWS\System32\OpenSSH\;C:\Program Files\Haskell Platform\8.6.5\mingw\bin;C:\Users\alvar\AppData\Roaming\cabal\bin;C:\Users\alvar\AppData\Roaming\local\bin;C:\Users\alvar\AppData\Local\Programs\Python\Python39\Scripts\;C:\Users\alvar\AppData\Local\Programs\Python\Python39\;C:\Users\alvar\AppData\Local\Microsoft\WindowsApps;C:\Users\alvar\AppData\Local\Programs\Microsoft VS Code\bin;C:\Users\alvar\AppData\Roaming\TinyTeX\bin\win32;C:\Users\alvar\Documents\apache-maven-3.8.4\bin;C:\Users\alvar\AppData\Local\GitHubDesktop\bin;."/>
    <property name="java.vm.info" value="mixed mode, sharing"/>
    <property name="java.vendor" value="Oracle Corporation"/>
    <property name="java.vm.version" value="17.0.1+12-LTS-39"/>
    <property name="sun.io.unicode.encoding" value="UnicodeLittle"/>
    <property name="java.class.version" value="61.0"/>
  </properties>
  <testcase name="shouldComputeReturnOneIfTheNumberIsZero" classname="org.alvaroaleman.factorial.FactorialTest" time="0.017"/>
  <testcase name="shouldComputeOfANegativeNumberRaiseAnException" classname="org.alvaroaleman.factorial.FactorialTest" time="0.003"/>
  <testcase name="shouldComputeReturn720IfTheNumberIs6" classname="org.alvaroaleman.factorial.FactorialTest" time="0"/>
  <testcase name="pruebaParameterizedTest(int)[1]" classname="org.alvaroaleman.factorial.FactorialTest" time="0.014"/>
  <testcase name="pruebaParameterizedTest(int)[2]" classname="org.alvaroaleman.factorial.FactorialTest" time="0"/>
  <testcase name="pruebaParameterizedTest(int)[3]" classname="org.alvaroaleman.factorial.FactorialTest" time="0.001"/>
  <testcase name="pruebaParameterizedTest(int)[4]" classname="org.alvaroaleman.factorial.FactorialTest" time="0"/>
  <testcase name="pruebaParameterizedTest(int)[5]" classname="org.alvaroaleman.factorial.FactorialTest" time="0.001"/>
  <testcase name="shouldComputeReturnSixIfTheNumberIsThree" classname="org.alvaroaleman.factorial.FactorialTest" time="0.001"/>
  <testcase name="shouldComputeReturnOneIfTheNumberIsOne" classname="org.alvaroaleman.factorial.FactorialTest" time="0.003"/>
  <testcase name="shouldComputeReturnTwoIfTheNumberIsTwo" classname="org.alvaroaleman.factorial.FactorialTest" time="0"/>
</testsuite>